500
496 7134 2981 5649 3672 6444 1881 7755 1937 5024 1841 9354 2791 7762 6534
427 4328 4635 63 2123 8363 8804 5617 4522 2458 7484 7992 574 9686 1083 7968 8491
180 667 8881 4726 299 9829 7332 650 4589 3961 9628 4861 8790 2423 2018 4664
433 9737 8373 2487 7577 6035 8572 1677 2671 9582 774 2842 7902 2393 4985 2013 3032 6327
94 1700 9154 9413 4380 5554 4605 3151 6427 7751 9086 7055
384 2118 7563 5928 154 5235 8538 4695 4456 3869 5923 3983 111 4730 1042 4765
19 5521 7385 36 7957 6204 4550 1331 3446 6331 8069
340 9728 2069 9916 1851 645 4041 4966 4254 5094 8371 2158 1763 2340 4314 2288
367 5135 2381 7573 4121 2815 2940 9583 9157 18 761 6672
75 3406 8743 637 2531 271 6795 4174 3741 1322 9368 3060 6750 2630
196 9486 1424 7501 555 8815 8050 530 1361 9222 171 6134
390 7606 9031 5467 8657 4706 714 6052 4931 5495 6789 7363 3533 5460 3251
100 8941 8011 436 6801 386 8168 4662 7286 3362 8885 4962
455 6593 8397 806 8390 3970 229 1824 195 3 1117
24 1146 918 903 1119 2982 7128 4611 1022 1339 5030 7369 4377
151 7515 6009 4315 6655 517 9636 7554 5714 9922 3717 8157 5885 2892
85 9243 500 3912 4178 9534 7639 3488 2796 1494 6967 3074
466 2405 2494 1445 4677 9647 192 377 590 8538 5138 3584
117 1336 583 847 8786 6554 468 8493 5115 2979 5386 6338 8424 7734 2730 2003 5295 1982 7498 7193 8431 5748 6613 935
318 2202 2070 4038 2472 6602 2935 8421 2984 6681 1305 8908 9178 3584
195 8945 4369 5268 8203 5188 1881 5422 3405 9293 9233 5261 6913 4054 8300 7001
111 7047 5953 7091 8911 9109 2965 7662 2840 684 4587 8352 9139 2155
345 4900 3691 6836 3436 2187 2043 5464 8317 6652 8981 1246 3020 6594 7732
140 7375 4725 1184 1012 36 5066 9812 2072 8069
72 5011 2287 6897 8850 9717 5196 6845 3638 5889 1707 7234
293 8521 4543 6682 9189 4233 9581 123 526 9723 1889 6258
458 458 1180 6099 6495 8543 4247 3215 8602 6453 7435 5534 9772 5150 5304 7133
238 8795 7232 1652 3605 2126 9551 9648 3708 1215 8928 8782 2704
263 4744 2677 6789 7761 1765 4040 6685 1882 8248 8860 439 1276 8242 5003
154 2834 5444 5637 862 8059 6803 9097 4696 6387 4563 5391 405 780
214 962 1 7526 1427 2523 6764 1651 7300 6808 6189 7036 8140 3427 4034
98 531 7945 9010 3812 212 2208 2761 5136 18 3264 4159 7165 7864 2704
338 941 815 538 8983 4259 6976 8019 1988 4649 5382 5977 4362 183 9848 5962
21 6328 4491 3709 8102 7356 3125 8190 4848 9906 3896 3108 5457 7568 5768 1216
233 8511 1036 3603 4571 6267 7798 5787 8164 8595 8966 96 1658 374
89 2497 9676 9235 1940 5391 2468 8164 966 2777 3133 7744 6054
99 9385 7828 2439 1603 6846 9031 172 3053 9009 3341 3604 2897
149 4694 1769 235 5804 6883 1411 491 9436 3954 7654 8342 5997 8462 7699
323 2247 9399 3455 5778 5418 6769 8603 2330 5232 9831 4886 1125
404 370 8024 4172 7986 2795 1685 1669 6505 9559 838 7659 2340 7296 1557 7791 6306 3240
307 7156 9271 9986 9162 630 7359 3556 9070 5422 2523 2327
366 2534 8614 7493 6346 2451 1804 9195 8081 8466 3717 5211 1728 5810 3586 847 1343
38 6740 1412 6217 3558 8876 9730 9484 4500 2033 4824
63 5371 5181 5647 8475 4904 307 8097 145 402 774 1298 9521 2486 4966 9083 1496
374 3177 3514 8632 5162 1364 4210 4342 4766 337 9838 9341 7590 7950 2873 257 560 6178 9852 1117
377 1386 6541 3759 6915 3196 6593 9110 7695 6305 5111
278 484 9112 5696 6268 1159 195 5365 5353 1435 1929 2030 5758 1657
86 3449 7207 8419 4157 5590 4795 5469 4462 6126 631 9615 8599
398 303 1455 7735 9983 2286 5882 4231 7537 8934 9626 4705 7056 7732
197 2687 9935 3857 4909 7453 832 2258 1348 6433 7049 6920 5869 8125
80 1712 3156 4192 9476 3533 8033 639 9383 6739 2218 6602 1725 5451 1852 4104 8528 4855
45 4607 3660 9604 641 5291 1845 6617 5592 306 4541 9859 5359 691
421 6025 9576 7680 6899 9638 4147 9527 2210 212 3275 3553 6963 7694 5868 9293 5386 3999 3371
486 9444 897 7298 8557 6396 3551 298 2034 2060 7720 5006
28 7983 6457 370 3620 4354 906 7582 8050 8275 4586 8830 8716 9244
42 3732 9290 276 5071 5901 7786 7207 3698 9549 7560 6881 6690 3796 4343 7782 9465 2422 6404 4199
29 8734 8272 3278 3891 1032 9646 4022 702 3638 7461 8551 2545 9990 3521
484 1362 3843 7535 8309 3467 3985 5244 5275 6184 3389 7105 6030
125 5274 733 7347 5066 6950 1541 2466 8650 5867 6995 8061 9404 9299
138 7986 7273 7159 1923 5673 6607 2800 664 503 7517
91 8034 1143 736 35 6799 3166 4899 778 5505 5355 7622
415 6255 2874 8611 3547 7274 628 3802 5372 8703 4313 3363 847
77 2262 7875 2051 9287 4120 2954 6684 4952 5138 5280 6962 8722
82 6033 5292 1564 4645 6996 6634 8768 5452 2011 3742 9822 2569
90 2620 8434 5719 3151 3028 373 9792 6596 8623 3320 4129 4985
450 3384 1773 3744 1945 6674 8547 1753 8460 4927 5584 3869 7167 2962
256 9214 5587 3136 8072 5689 5075 8526 5727 2473 6922 3032
279 4224 3311 8861 4306 52 1942 5426 8469 1611 5416 842 7720 9301 1343 3022
251 4563 98 5308 8914 4676 8960 6033 6800 8428 4362 4311 8212
123 2165 916 3121 4695 8350 4086 2002 699 5296 1817 1884 7381 5926 4842 135 2182
157 5892 2157 8936 4161 8236 3565 2256 7291 1043 6586 6950 7183 4558 4801 1058 2643
159 5282 9714 2880 4854 2656 3530 8851 8533 6063 7241 5543 1731
194 1864 2665 6642 3252 1823 7605 9988 4614 4917 2934 3883 9931
153 9746 7244 2279 7116 4732 1946 7186 6268 1980 8750 6470
308 4555 4380 2958 2359 6466 7582 3147 5371 471 2543 1117 6054
392 1748 3696 7617 9209 7342 8014 4534 4722 367 7952 4486 9682 8493 5483 7553 8130
185 4578 7657 2267 631 9942 6539 6173 1806 8220 7706 8778 9717 8782 1183 2972 1343
114 4194 7292 5187 5563 609 6017 9099 6866 860 7938 4071 3103
176 2083 7103 7594 4402 1275 7830 3348 30 243 1308 9354 7709
5 7270 2024 7348 7834 3072 2781 7634 5812 7960 2644 5975 5390 5583 5304 2662
414 8107 9112 8796 1590 6356 415 7365 1386 9391 5623 253 5126 3897
218 4930 6730 7461 3224 2048 946 4105 7404 2623 1542 5780 5295 9050 4901 3602
405 4823 5688 13 8824 8682 2516 4213 7881 7970 1965 5207 9009 2982 6021
242 6004 7388 5675 5022 2935 2763 4349 4303 5772 1176 9244 8491
105 5280 760 5884 9040 7228 8170 3330 7116 4126 2696 8770 6608 2628 1865 3648 4493 3842 8797 7285 7429 1145 6101 6613 3936 5848
422 117 6411 7531 4893 6848 5847 5716 4681 7076 4004 7438 6827 3023
6 5679 9745 9633 4093 4991 1688 5595 378 2977 5944 6982 8121
81 257 7697 3405 2408 226 2345 6506 3181 1457 6388 7836 7456 2615 3163
110 6278 8764 3017 6773 8821 680 3597 3002 7887
182 4579 9698 483 6185 7158 137 9893 3003 2759 4348 1657 2414 7852
70 4924 6985 1598 7898 1082 3025 3099 4042 434 3494 7981 1898 8105
443 3381 8854 1851 767 4459 4502 9809 6289 3977 2143 4847 8316 5189 5742 3453 6855 9244
235 4716 7586 4798 153 1745 7218 1892 8452 8721 8449 9293 813 1658 9075
223 7043 4770 6201 2031 4919 8139 8538 9093 1656 4309 6780 8180 7183 6584
115 4644 8612 6690 9802 7691 4809 7608 926 9866 8265 3781 1289
357 3605 4405 7497 4655 3910 9610 3853 6840 9661 3539 625 6161
108 3939 1460 8236 7529 8779 3808 7073 9519 7571 5288 2150 321
266 4832 4389 3 8684 4087 4926 6343 4157 6998 5040 9414 1689 7005 3434 4442 1252 6404
198 7052 1701 9793 4673 6926 4944 6752 8988 2837 9584 7641 9478 139 6258 1105
435 5473 3143 4228 2228 5233 1054 2466 3185 765 5788
409 4408 1143 7996 3983 9459 7319 7471 319 3262 4988 9842
494 6940 7611 4549 9113 515 2590 6143 9034 8739 7634 3840 5105 1963 254 7751 2643
35 8605 3152 9133 5708 3388 6675 3721 718 1777 3854 7073 4449 6734 1238
359 5539 9152 7351 7262 3274 4735 6201 5868 2461 3104 2589 7060 9040 9704 2070 8043 116 4180
60 8354 4086 8215 5071 9529 5537 3851 5730 4372 7050 9114 2790
76 5575 7753 5074 7451 525 3862 3185 8401 9971 765 3843 9025 4539 7429 9129
246 5985 6297 439 2252 6320 6382 4792 1896 4133 871 7234 3158
397 1158 1302 4339 1241 3445 5558 3691 6739 2049 4953 4282 4784 7992 8470
43 9736 645 9439 9471 4918 2827 4098 3092 3696 3681 5849 8907 3103
225 7321 2007 4906 5268 5980 4218 4983 4629 1183 4838 7793 9829 8688 705 7673 7179 9467
227 6822 2385 840 4696 8531 3308 7881 7924 7802 247 4810 7694 5111 3728 3006
55 7385 2174 692 107 3127 8460 4055 209 1451 4628 4913 4350 7413
205 3893 5696 6045 5669 6826 7766 9911 700 702 2628 9523 2489 5437
291 7529 4994 6658 9885 278 4604 4861 8964 5418 7767 9605 3493 18 2537 2904 259 79
491 1294 9670 3440 3990 3970 636 8939 4323 3125 1542 3377 1299
327 4119 7302 10 2547 4083 99 2850 2730 3322 5432 477 9852 8293
52 1654 2808 9702 924 5143 9747 9844 9236 3884 1113 7401 9464
186 5601 493 4081 3720 6218 6718 5609 6269 4685 9459 5410 6131 5492 2904 3074 7883
379 6810 9312 6414 8392 1737 6443 8552 1200 7276 4465 6442 9659 9758 2113 2060 8043
17 2835 8090 4721 8141 5075 5943 5904 9788 8132 6197 6270
135 1525 2059 3046 8624 9358 3833 3150 1592 7164 5543 1299
165 191 4002 2320 5282 1518 9666 6185 8117 6284 6415 9256 9270 6049
14 4105 6048 1313 6901 8188 5243 5825 5656 3331 3610 5641 2672
336 9875 9135 5793 6127 8645 2047 502 5516 3563 1087 9219 7511 7762
57 4139 9531 71 117 7358 9954 4667 273 3808 9830 3476 3243
130 5010 1084 2985 751 8890 3699 3863 9642 7657 7651 2400 1241 300
406 1203 6129 6758 2194 3566 8902 5144 2318 9839 7155 9000 5069 2483
464 2886 181 2952 5130 2024 95 614 925 7517
174 2695 7020 2166 1194 4285 3189 9506 687 2784 5615 4011 809 7740 9374
403 6249 3373 1214 1651 7205 956 3977 9548 6091 5086 713 4967
382 3481 6917 3736 7376 4889 580 4608 8021 2520 2608 5239 4824
39 2719 1537 2566 9155 6122 8098 1457 7634 6650 2730 10 3470 9632 8174 1934 2240 7438 9007 935
215 4625 1384 7411 8030 8974 106 9769 5184 357 9426 1140 2322
0 7793 6080 3205 3555 4368 6700 7051 2438 4845 8343
439 8567 3994 6933 7052 4868 5128 4924 5769 5996 5448 5099 1216
344 7885 9312 6713 3573 4901 6641 5639 476 9598 1231 5898 8467 3490 3536 5248 3513 5964 3758 3521 776 6482
156 6642 5186 7925 6592 1097 6905 364 5565 3494 5138 7380 1156 8396 5762 6054
120 9508 5642 7543 276 5792 1961 799 5933 6942 7491 6727 9688 5288 6692
361 3810 8847 4589 6034 4309 7494 5900 4658 7755 4355 131 5005 4377
401 4159 8023 6247 4391 616 8951 2307 106 9759 5187 96 1741 2760 9013
358 8096 4185 3948 3933 8020 9275 1805 8949 2458 7921 2239 3836
324 577 3516 4740 2706 3458 1020 5503 3349 7798 265 133 7689 4377 6672
73 8625 4821 4983 4217 3237 2159 5456 6533 4735 7459 7790
352 9591 2488 4187 142 8736 6137 2203 2355 2568 9680 9881 9957 8352 8248 8227
102 6263 9383 7228 8538 9293 6714 9989 7286 6009 6912 6197 3507 116
93 2579 1968 4553 6924 372 6448 6683 7146 6709 3852 5361 2191 9697
408 6286 8654 1838 1930 5800 4564 5905 1411 6041 7541 7770 761 8293
417 2963 5655 278 1161 5659 3917 9655 9768 6931 379 4203 8199 2810
356 3065 4147 6579 3068 1003 5781 1680 9481 4452 8672 2404 4959 412
132 1143 9410 7841 9818 3448 9531 9883 1036 5436 4993 75 8387 5677
216 2854 9054 4935 9274 2834 505 7873 5561 1490 1025
269 6563 4182 4172 915 8067 5495 1212 9188 6023 2799 8716 935 9903
459 3299 222 1813 6240 2896 2787 4318 4066 3725 9259 2085 7652
432 2850 9142 9606 9398 9216 7810 526 7923 6002 8495
126 5052 4556 3859 9418 5372 5417 4964 5751 2961 3207 6094 2218 9230 9852
173 5590 1931 3952 2862 4941 7812 6183 7137 6309 8930 8618
281 1797 6620 3676 5002 2597 5974 1394 5506 3958 5500 3221 6067 9731 4527
451 7235 4327 9675 6833 968 5060 4563 2048 9727 9603 5482 5604 6424
285 6843 9764 3414 8265 3129 5150 3557 7330 5584 6116 3975 7372 407 4951 1515 732
474 5637 6143 4139 1138 1669 6811 1225 9235 3412 7177
441 3532 207 3511 7029 2061 14 2455 857 9963 1020 2992 4793 1734 1140
354 1048 7136 2761 8268 7119 4476 7881 5408 4783 5613 8898 7884 5333 5239 8183 2121
62 9071 1558 4333 9566 3766 5010 2355 5624 1807 9873 446 3937 4317
365 8318 1549 899 4623 4854 8415 2024 6190 4636 6049
191 3968 6430 7918 2706 96 6439 2249 7965 6667 8700 6327
341 9863 7340 8921 9915 7701 8362 4383 9738 2978 1375
489 6350 2953 8039 1745 3124 6425 7203 9256 2501 955 7998
470 4102 7859 2451 4478 3995 2167 7186 8433 3237 7553 7069 5815 6075 4282 2128 3111 5962 2555 3894
304 2849 6755 1606 1038 5520 9211 1762 794 1118 5769 3661 5384 9632 732 1731 3982 8711
309 4032 4867 8815 5382 1565 8063 3373 8224 6270
116 6003 7743 9422 7105 1432 766 2494 9762 4954 8918
49 13 7405 9384 6104 4377 3562 1669 1307 7753 9523 1191 9383 3671 5166 3670 2735 1956 7365 1904 7285
206 3862 5653 8646 1275 9992 1235 5399 6794 4520 6074 7806 6467
399 604 3011 744 43 6708 882 3852 6572 8764 8922 6482
431 8653 2444 4278 8796 1146 4274 4836 4126 4463 5497 1264 7521 2192 1181 5771 4539 1125
282 8540 7359 8587 4429 5773 7328 6775 5372 1218 2969 2929 6390
395 4743 9082 134 5526 1785 5183 2982 6072 6190 9177 1154 7889 5278 3111 3584 321
258 6384 2667 7680 6956 9635 3743 4265 660 1398 6417 2909 6737 6021 1299
189 5977 1806 50 3735 5091 4706 7011 5942 44 8600 5708 267 7880
32 2912 1087 8899 484 6969 2622 1510 5104 4873 3003 494 7267
212 3965 4928 9319 6056 3777 6670 2624 3808 275 5735 6244 652 7542 6225 1650 5995 1056 9036 7162 3509
234 9620 8562 5931 261 9820 9780 2682 929 4781 4088 2247 6153 6470 1668
255 7621 2371 5876 32 8393 9702 8666 6607 5662 4755 2164 6008 2175 457
261 5337 7546 9676 773 5896 7002 6352 7427 2402 3111
20 5518 1800 194 6506 6267 4037 8351 5180 2594 5041 7008 8484 2685
383 1063 4591 3086 5287 2431 7009 1850 9371 9481 533 4448 9522 8685 8269 6613
272 7325 5886 5621 5750 3473 9162 7442 4369 9621 4273 1932 178 4378 1557 745 4958
313 4158 835 7927 3189 6210 3190 8315 3325 2029 7526 9742 6270 921 7012 2643
208 4895 2567 8957 2823 498 1342 3786 1217
144 1448 1200 9882 9651 3389 4555 4574 3453 4628 183 8498
219 3862 6125 4489 2939 9494 326 6989 6248 1052 6379 1110 108 188
268 4939 1483 9018 1179 3461 1180 8684 5958 7706 7834 8362 9548 9014
295 5533 5804 2946 1867 9939 6656 474 7294 5478 485 6199 6050 2018 6490 8140 4352
283 3838 5472 6511 2985 2382 4418 3990 9062 4072 9890 5347 7101 9453 6778
48 8956 9150 762 7141 1624 2919 5409 1128 3600 4481 6961 5572 1702 5775 7652
493 2493 7925 1635 3270 831 984 6224 9092 866 2513 3521
53 4575 1349 8882 292 7907 7985 9369 2731 4458 6453 7577 9804 5006
200 3162 961 9310 7884 9746 6022 4373 9125 563 2010 6499 9669 5219
143 486 111 3920 3459 709 856 5544 4462 4269 8525 8989 9046 4203 238
410 9812 1370 3356 229 4665 1847 1779 39 5316 6786 8064 2924 2947 372 9029 7068 4352 5762
473 8357 7112 8822 3308 1634 4892 6645 4549 2882 182 1091 5177 7968 8716
240 3713 1815 6622 3458 5016 5888 5770 6854 7238 8729 6170 5752 6360
128 8546 5319 7562 9382 7840 3340 646 2476 7154 9443
350 1230 9396 4138 9148 2671 7022 5462 4456 8507 6636 7050 1117
64 8001 6506 1667 5756 77 7638 6294 4556 1761 8158 2604 2752
56 1660 7719 8914 5738 5022 7045 9616 6146 2369 3536 4034 5307
460 4530 5008 5103 2896 1257 5054 3693 2657 4449 806 9892
288 516 9369 8757 430 339 5778 8167 9091 3583 928 5953 1449
360 1938 6477 3838 7471 8232 7681 5215 7427 7531 8856 6538
259 6572 4571 6884 6429 5011 9743 6106 9274 6012 7012 8212
333 2001 6151 692 5120 3457 2335 2202 6666 3 6601 3577 8203 5668 5251
78 5460 4986 7444 8595 3322 9740 2008 2719 8684 2526 6298 8176 511 4855 8722 2986 7709 1534
287 8323 8289 6092 5986 5453 68 971 5186 5695 3172 5384 1686 900 7762
155 1758 9694 3273 1604 7024 3851 3459 1988 4043
40 9447 426 9300 4161 9763 5127 3397 9277 7476 4091
465 2925 3512 9386 7190 7532 7523 7730 6640 9224
113 7893 3658 4216 958 2928 9416 3484 4918 1957 7097 2790
426 2061 8809 9906 5763 4576 3368 2453 4560 4650 5726 2983
335 8510 5877 3494 151 3856 3302 7549 6805 5303 6007 7489 2109 2128 8711
31 1435 739 6668 8523 3410 3451 6826 9566 6742 8910 8125
15 3823 9066 921 4592 4315 7351 4751 4196 455 593 7563 7413
257 481 7026 6891 5521 8088 7220 5135 7344 7613 9348 4764 1546 3894
299 4736 1937 5040 6169 3201 9132 6375 240 8962 818 863 9138
376 2729 8127 113 1187 8507 9590 7395 6744 5068 5278 1520 1305 8958 5902 756 4399
231 2471 7030 1854 6541 7632 6186 7427 9547 812 5408 9480 5389 30 7786
260 6553 7890 1494 7837 8562 9045 8032 5916 9847 7075 139
41 915 7388 3314 5729 9328 8198 7572 8577 6808 667 1413
485 7905 4132 2105 7769 1743 8940 9586 478 6522 1663 591 2867 6537
4 3300 5728 4249 6330 997 6931 5017 9370 9379 1830 473 9593 1721 9461 1668
58 1787 9271 2971 1914 7287 6459 3900 694 7245 5913 7641 6537
181 125 2089 3591 3289 943 9493 5581 9305 1876 2434 3609
373 1652 4832 9809 9341 7327 3072 5920 1574 6301 3681 4618 5875 7701 4340
8 3967 2605 7862 9646 3456 4090 8969 5439 7764 1361 5113 4188 8599 8396
241 8492 6985 3149 6151 4937 5315 6975 3327 9691 2025 6371 2607 7285
129 9248 1767 5173 3968 1040 272 9618 5217 3847 7118 4197 5771 420
150 7945 5679 4782 3115 6892 2540 2161 462 561 5402 7353 6844 4997 6306 5412
10 5608 2997 5578 1919 8801 242 2981 1859 6065 5326
290 8785 3336 6172 9315 4939 2275 9601 2617 9473 5812 1666 9510
247 6312 4083 7129 4861 9206 1461 1194 6122 3225 5762 9834 148
393 7122 6145 9296 1682 142 7903 8916 1047 2472 9036 7179 979
342 9475 2785 4406 648 7227 1732 4538 214 3557 6681 4626 8599
413 3192 1801 539 2279 8302 3000 7508 9358 151 1542 6584
88 7322 4806 6436 9593 8825 9402 9359 2487 8169 5412
54 2634 9974 4889 9708 8013 9879 997 9874 9493 6916 3819 7694 8150
322 9434 615 8072 334 1972 7032 9682 7801 6230
18 8390 8648 166 5336 80 4178 1419 8277 958 4739 9908 6778
250 4331 4653 3188 9284 7141 3038 5666 4191 8523 1989
210 8602 1573 2525 5259 9378 4700 9450 34 8133 7410 7055
499 7420 1813 779 3623 7815 4298 257 5706 9606 6008 254 5746 3521
236 304 5262 2550 1294 1114 2354 6917 4781 188
394 2359 7891 8242 7661 2405 8454 5834 9849 5674 3354 8893 84
449 4707 2469 3788 3789 2271 2285 5870 4349 2918 4620 4706 4527
224 1893 5073 5549 6626 7393 5301 9237 2421 379 7396 7280 6465 1763 6613 79
423 6394 3 9366 8863 4790 6070 424 3664 7264 6037 4880 5304 6534 2264
3 1760 9850 7372 3729 2595 4260 3274 1920 6628 3767 5119 413 9181 1149 4531
385 8310 3267 2750 3262 8618 3203 9035 7810 9293 9225 4602 3598 397 8685 8812
190 5172 1077 9529 4838 2416 474 9909 1306 645 1975 4096
315 664 5179 6080 7022 1851 1073 3662 8089 1222 6 2128
226 8147 8148 3957 2633 2041 4544 6276 6540 5651 9386 1512 325 8146 7848 6534 569
321 7627 7220 2434 8143 9460 6002 1699 8502 3297 3079 9583 8043 5219
429 5599 1357 8901 5496 7819 9090 7074 3251 5903 7568 467 5006
364 7269 1194 905 2674 2844 9914 3768 2885 9780 7165 8649
169 8372 902 2873 4535 5555 4277 9084 483 4186 3425 5654 9075
172 2235 8444 6703 5984 7375 2610 1182 2299 3547 7216 1657 1560
229 8066 4977 4430 9769 4327 181 2724 1886 6832 8994 9270 6030 6938
277 801 160 2717 7253 1450 312 1030 309 3052 3427
332 6716 2377 7374 6230 3252 3578 974 7602 8170 7103 9130 9433 9505 6817 3586 8130
271 7089 1643 3640 9747 3671 9022 9370 5703 6616
419 8094 3442 8262 9802 4833 9482 2035 4182 2192 5643
11 3181 4331 8967 118 1853 4993 657 4519 6999 1728 9837
351 1740 3681 513 1052 1824 3745 4612 5839 5743 6227 8671 4214 602 6245 3795 1140 6101 9968 5880 6327 3836 6584
407 1682 141 9481 4133 6168 2030 2086 5089 2402 5033 8042 6451 7030 9027 3032
378 6362 4862 4440 4761 1905 965 6015 7083 5733 6188 8862 2741 8130 1121
372 3782 741 4370 5148 4668 3650 3874 4926 6428 4341
476 8989 3456 7612 2727 5257 4798 1209 7425 3385 4830 6743 1034 1580 3081 7782
267 6510 6164 3271 7065 5795 3174 3362 1789 8036 2272 2150 9069 5546 3113 8418 6153 6049
363 4852 4461 9563 3476 1695 9981 9596 6762 3359 9868 6486 8841
51 8608 8744 6536 2567 8059 455 7926 7805 917 2189 4070
37 8196 3737 1482 7959 2820 7673 3470 7743 2949 7665 4168 7290 3432
302 6361 3076 269 353 1158 6704 9947 2680 2693 6628 5912 5038 8439 9224 2340
437 7531 8700 1470 7840 9482 2259 7947 6722 8341 5838 4362
175 6638 7826 8063 4913 3770 1617 3948 8049 6677 5755 9769 1552 345 9990
164 2815 6814 2172 6151 5818 1555 1365 1586 7214 1834 3657 8028 1686 4180 8431
253 4424 336 4621 877 4564 6825 4599 8448 6379 2875
447 3822 530 1866 3197 3713 9701 8636 5310 5701 7234 6986 6054
314 6925 2825 9520 2830 1637 6577 7415 4770 7454 7721 5492 8775 6534
462 8626 3564 4216 1337 3818 3007 466 3353 6290 9288 7829 9992 467 2437
107 9774 856 6208 8617 7175 8265 6581 3522 4369 7856 3950 9192
305 6357 8410 4289 6446 7493 3452 4307 5436 5473 3232
97 524 8353 4505 1683 428 5556 5044 7087 8021 4846 906 2486 9132 5862 1496
16 8714 3506 4521 9067 4363 8667 5881 5441 668 4218 5401 9199
95 2509 8459 4644 209 9725 917 3626 1792 1465 5156 5326 8431
316 1127 9782 815 7451 6691 8464 3208 1769 7000 5678 6699 660 7459 1134
362 2593 4718 2610 7228 2277 6891 7295 8509 9021 759 4362 5775
248 3027 309 7274 3660 8045 1398 9432 4815 2299 7811 9206 3103
436 4291 3530 655 3616 7541 9800 4028 6452 3010 3101 1638 2992 7659 9483
411 9225 6688 7783 9437 5298 8887 2417 6957 6530 1799 6584 2340 6547
456 3850 4585 879 3407 2287 1390 4082 9402 1025
119 3486 1277 4580 1669 9520 1400 1608 2528 5085 4216 4111 5573 6332
30 2354 7211 2431 9149 7003 7368 4735 646 2027 5604 9023
127 6176 3437 3422 7888 1923 902 9816 5799 6074 1635 6254 9398 9564 8834 7040 6630 8134
463 5017 5116 380 3489 2896 987 6336 7719 8966 80 1962 7551 3817
337 3346 7940 1705 2660 5636 7691 1330 2492 3895 6457 8272 912 7713
22 4417 1084 8567 1877 1515 7129 409 3132 3199 7978 9842 7296
440 7768 3847 6025 2461 3098 765 9636 2664 5309 3203 3783 6613 8284 447 4311 2555 420 352
442 8914 9787 4284 4863 5023 4712 8619 4898 1838 6313 9137 3859 1932 6170
66 9321 6793 7216 3653 6181 1020 7357 2595 2444 3847 4222 4207 9283 9086 7355 847 6705 8907 3827 6044
83 4920 1973 1 1222 3736 5631 2747 9122 3188 1467 5097 6327
213 8817 8772 8949 5560 3573 1322 324 3897 8473 3841 5637 673 1670
334 3413 3222 5295 5948 8416 1505 35 6120 4840 9688 1436 5021 8824 2598
204 9494 2728 2093 1631 1590 5474 2050 9916 5041 3600 3078 1731
264 790 2995 5356 2438 6436 9706 3772 8117 7858 8156 3796 8979 850 4423
478 7476 6900 8667 795 8913 4951 7737 6807 3493 2120 2638 7654 6351 8325 5715
96 2105 2068 2905 4389 4376 479 4444 7275 5874 7392 8495
452 939 316 315 1795 8319 8659 4819 4478 1553 3046 5802 3533
79 4381 8488 8793 8037 7249 1722 4640 8627 8194 4507 5245 7379
424 9141 4816 1473 3995 3206 1801 8583 3835 2761 8292 7480 1176 7219
187 8187 3246 6574 1716 3503 9759 4898 9623 4822 9111 901
171 489 1794 6417 4184 1452 7828 3157 5017 282 9198 5292 5037 368 6020 7413
479 5092 428 1494 8903 4859 9500 2347 4844 43 6126 9731 4326
497 2854 8422 1015 3716 8719 3741 4661 5075 3923 4949 6387 989 552
152 7904 2228 7500 6762 9640 876 7510 4324 6011 1562 7499 7452 1554 4372 8020 5449 7742 5072
457 7651 4564 5669 9996 5174 8705 8400 6267 6909 6731 1429
375 3206 1120 9867 2265 3204 4936 3216 2697 9223 2598 4253 8462
380 5631 8247 3835 5934 7117 5168 3505 4437 1663 823 6894 7750 8831 6101 8130 5715
59 5444 9402 389 2009 345 9679 674 2070 3134 1619 3360 9349 253 5349
142 8796 6183 6632 4371 7016 8100 9290 5609 6116 3700 7883 4765
297 8585 2542 2006 3899 6180 705 506 1431 2099 3268 2866 3077
84 6562 5012 2359 1776 8265 4111 4121 9783 5391 1263 259 6101
207 9780 548 2521 9522 4023 9936 289 6392 302 8652 3916 6666 5643
209 3908 8213 8264 1918 6526 8972 6640 9268 9652 1846 3283 8658 9719 6369 9930
168 9246 8915 8735 6003 1646 5744 3945 3469 4004 8676 485 8978 3379
228 5107 6690 9232 6176 2624 4919 1462 2649 9844 3470 9083 7684
303 7403 5299 2216 7685 1585 6375 6485 4820 1002 2927 7782
280 9770 9619 6726 6433 696 8686 818 3554 8612 4572 1199 8723 5950 110 4728
26 6406 7470 2564 4450 5037 1610 2194 864 6203 6840 2185 2431 9600
13 2638 8453 6299 6656 728 5301 4500 6452 5907 9192 9569 5045 3051 5111 4168
306 8040 4087 4850 8473 9438 8703 6818 4611 9153 9181 2013
133 7299 5398 7677 7482 7496 2105 4197 4798 6614 3156 8635 5857 9848 7709
329 1666 5144 1219 6368 7377 7319 3194 5553 9445 8724 541 477 4027 1871 2962
348 814 2586 9056 4490 9814 4153 9702 888 8193
179 7622 3290 5494 1300 9515 3447 3476 6393 750 4566 1570 2658 8668 3554 8193
12 1975 5841 4117 1339 216 2031 1753 9184 3200 2613 554 2412 9659
193 6678 2930 5789 9775 4872 2989 5104 2223 7032 5215 7071 7486 838
249 3824 2905 7589 4466 2319 9961 9455 1565 1491 6148 1628 4923 8994
232 6868 9674 9411 4789 8155 9954 532 501 4828 117 6901 6467
50 7137 2887 8570 871 592 8225 9984 6191 6840 2007 4542 8007 8702 148 569
301 7035 2575 1350 8346 144 7399 3313 2900 2607 237 2198 3950 5483
121 426 6886 3573 5202 6247 1699 1118 8878 9308 9892
61 1302 7853 8127 5800 6163 6081 9200 3219 5541 2206 4123 2693 6095
273 859 1432 9959 5158 9522 6622 5271 5139 5197 6 8030
146 5004 9401 5173 3360 9403 9636 4366 4122 1281 8470 6712
353 2987 8882 828 8319 744 4284 8310 6467 8837 4664 8140 6137 6 3277 4737 9478 7893 3630 4345 9689 7438 3936 4400 5219
289 3730 5439 4721 9876 8978 616 6226 8997 294 4384 1216
469 6279 3380 1186 2487 497 7970 9528 1314 3365 9168 9256 2446 5038 2613 2327
192 4089 9816 4358 6032 7469 3090 927 7270 4650 250 6215 2275 5458 5219
296 3941 7797 9558 4705 6158 7151 4770 7338 4318 3862 3199 8284 9244
355 3609 366 7298 1727 2033 246 4283 6358 6184 7639 265 7367
245 8635 3761 4124 3697 3357 334 8710 5936 2539 4407 4060 9586 5038
134 854 3743 9123 9766 3683 7667 4805 4931 7409 5091 1153 9451 3251
36 1729 1440 4479 4438 4522 573 2138 312 1611 6360 8005
339 3404 4630 8160 5632 4753 3444 3250 7925 8352 138 8503 2634 6196
317 4672 9559 6841 7160 2559 1485 5991 1683 708 9307 6087
2 4850 7976 8143 7854 4231 9294 1489 3691 2850 3801 9822 2643
141 5787 5766 87 2561 5332 1249 7807 490 4044 9623 8150 3371
487 9310 1624 9509 9592 6121 7066 3810 7059 9776 9045 6869 3789 3885
262 2733 1590 2942 9907 9977 771 6176 6056 7027 4048 6750 4941 4717 2192 7333 2858
47 7859 4777 9763 9300 2020 1479 9232 608 4005 2275 6677 2666 3584
27 7741 806 2770 8860 2228 6260 2107 3714 7248 1796 5239 1739 447
44 2964 5335 100 362 4887 7121 7170 4235 8654 278 9407 4824
252 7330 6816 9924 5879 2355 4179 6471 8869 9904 7057 8105 8125
328 3852 4394 5731 9312 7075 3796 2330 8230 5509 8167 1085 650 148
7 4140 2660 6809 9135 3305 7697 6556 7486 2047 7878 9632 5726 8726 4692 26 4847 5099
370 5499 7311 6510 8941 9502 5913 4030 4900 4060 6101
202 2007 4902 8083 4364 4077 1190 4918 8766 535 9111 244 518 5326
446 9469 4568 7656 3151 2517 6299 3952 6750 8927 3864 2518 3111
286 7229 5208 5937 6481 3485 5527 2531 5076 3154 6478 9107
481 6974 7021 9564 8774 1378 1787 4891 3711 1150 7001
412 3716 7242 1890 3359 5331 8098 8825 2388 1569 6354
492 8895 6674 8370 4537 3608 6125 4642 9280 1920 7369 9822 5448 7732
177 4290 6858 6948 2368 9371 7975 1296 1315 7590 5034 4159 3269 8832
475 5415 1371 9179 9867 629 7550 4178 9462 9648 2677 4624 321
292 3907 22 2104 1860 5952 2842 3804 1162 765 7944 6805 5203 624 7615 7933
161 2160 7922 8483 8967 6385 3865 7343 1417 2936 1789 4777 2559 8406 5292 4622 3700 267 6547 7652 2005
170 353 8366 5905 4085 3667 6834 3746 3391 3637 4925 5339 2407 6101
203 2418 4586 429 5666 5950 2881 3549 491 4226 9999 3331 7756
106 6826 2458 2460 2330 9206 2186 4173 5817 9466 8717 9995 9040 4385
416 3515 1404 9084 1522 1943 2431 7730 1362 3198 9023
112 3000 5658 7627 50 4872 6361 4483 1208 2698 2121 7732 2704 79 9968
270 4853 4470 8488 1240 1126 7679 3473 69 1507 6742 6526 5520
294 9329 5805 3620 5250 9514 4100 3412 9342 3134 5232 5979 6067
472 2622 8113 8824 9939 4275 8787 7728 7493 5280 2369 4916 7553
166 461 1991 3098 6605 1703 1347 984 9632 8090 8771 2485
438 8356 3868 6455 7342 4529 748 5971 4688 591 718 8830
347 8480 4416 5233 9622 5474 8239 7357 7947 1330 9348 5990 9719 3376 3936 1984
434 446 5505 6808 6860 3771 3263 4247 2132 9764 4535 9829 5444 3923 444 6447 2870 1546 8618 2643 9244
139 8553 3483 1689 1776 2268 194 6379 8538 4341
274 2512 833 2054 3227 4051 9340 1093 8610 2701 3657 1696 8259 3673 9014 2052
310 9840 3350 6764 2941 6579 8837 6426 3526 8502
331 1508 5963 1052 3994 2724 7440 3378 1588 9264 7364 8920
418 9707 1616 8969 7196 5276 2137 8163 6147 1326 842 8881 5085 9301
276 582 9738 1203 323 4607 8060 6138 5861 4846 8499 4985 7864
68 1233 4673 3348 849 5115 3972 2314 7825 8414 8498
122 4947 4654 6926 6896 9995 7869 1570 8544 8469 5474 8476 991
480 746 8838 4659 5992 1764 7427 6469 4229 6656 1178 8810 4092 7179
243 3279 2521 8279 3448 2728 5183 3762 1152 6200 5090 3173 1134 4176 2904
244 1923 5562 3212 1255 7691 7016 2361 590 8169 6371 2476 3013 7434 8848
461 1294 3524 7259 6212 7134 171 2673 1123 4023 9814 1356 9032
368 2836 2022 1468 7963 6322 9423 2605 8200 4156 8053 7012 9129 6258
319 7973 4090 4683 984 3911 1426 692 5836 2568 7736 1134
158 2039 8523 2624 5719 1324 1584 3719 9683 2987 5384 9398 2156 7199 4245 1183 8431 3936 3012 5437
391 4599 4201 6448 4155 9143 1568 1451 4720 9656 2670 2735
33 486 2755 8315 8730 1469 6374 1464 4650 6354 9432 641 1780 4170
87 7430 3739 2078 210 333 2338 7078 5846 9291 9534 4760
103 8472 5351 3235 2444 7131 8278 3399 3471 3362 3590 8958 1838 8728 5780
477 7549 3749 6937 8029 1276 9391 109 8643 7495 4779 3573 7234 9669 8814 2611 9301 745 3894 2
320 2702 8771 1507 9426 7951 8082 869 2903 4578 6347 4314
147 9459 3094 7202 6773 2711 699 4747 4275 3451 3208 8700 6920
137 804 7781 751 5367 3829 9735 8554 3085 652 4589 8724 7507 3865 3795 3540 9444
381 2872 2141 1044 6486 666 8578 2857 3771 9653 5069 7459 6779 131 5325 9151 7133
92 502 3326 1565 5850 2256 3482 2345 5037 8008 1352 2660 9273 1491 8232 5514 2064 7771
325 6645 6037 1574 1966 6702 2433 4806 8944 4946 8961 2298 310 145 450 5219
211 968 5619 8137 6118 5070 6539 5958 5388 8752 6293 6254 7786 6611
444 7648 9964 769 2665 4058 1730 4051 5793 1240 7565 8566
326 1017 4938 1893 6478 9704 8073 6064 8363 1492 387 7802 9586 7379
389 4242 331 6709 5873 7220 6147 8425 2454 4992 2655 2074 8528
74 3815 181 953 8272 4911 5086 599 3278 9412 6034 2349 1524
498 2730 3895 6501 2426 1325 3005 442 8792 6222 1907 2031 1262 9443 155 3320 183
386 7464 9841 627 9393 2551 3044 6145 4703 1087 5234 5547 5645 2264
349 1398 2999 4764 3702 2367 6440 6234 2559 2957 9400 3021 6250 7699
183 5499 8440 9002 8743 7368 8817 9041 7449 1786 4504 3758
488 4497 4052 5613 3610 193 3766 4157 4544 2843 251 2518 6014 1454 3163
34 216 1518 36 3019 7360 2713 7004 3227 7696 3352 5212 450
145 7989 980 2369 5323 6574 3596 5257 2385 4686 6168 3986 2608 8086 5758 4985
454 9258 1727 9943 1795 2741 5337 2557 8287 5545 6144 8844 1287
402 5796 3290 3671 168 1482 3282 7357 5228 4920 6358 656 3441 4783 9903
71 6918 9816 9874 1269 9923 8190 4506 6747 3891 2251 7023 6696 3113
495 9201 7074 7451 9429 6043 128 2950 8508 4845 3537 8880 2790
188 6987 836 7876 9675 5694 3668 1905 611 4144 6786 3982
396 274 667 4119 5539 3763 7703 4850 1268 2112 9970
265 3688 2268 4523 9571 7208 4017 3418 8635 2662
101 6116 9447 9106 7382 6284 508 8385 5786 2508 5889 4728
67 1969 1587 7448 3563 1212 3782 8532 5091 308 3228 8827 6383 5446
65 5084 5719 2645 5785 7035 315 549 772 6235 7992
346 5429 1889 8143 1000 8260 7543 6524 682 8479 8462 1105 7713 7749 7845 8756 1571 5341 3106 2615 8644
254 9082 1604 4452 8547 9949 4806 5536 4633 4760
298 2761 4575 4119 8159 5041 7190 4570 2135 4666 3751 420
425 6837 9258 2375 6457 7479 432 9716 5417 5427 4260 5155
239 7824 2303 4403 4663 5109 5874 3431 778 6166 2396 8414 4170
420 3046 4441 4356 5296 3287 7489 44 382 8577 5626 8912 1997 5467 2304
330 3500 1155 4775 5672 4969 9910 1700 247 7419 450
25 6088 5352 1691 107 7113 1494 6713 8003 8236 4011 352
167 8101 6725 6793 2913 3940 1683 3375 5036 6917 2475
448 8804 831 3826 5314 7451 7230 38 193 1916 4071
275 101 9310 7061 4894 615 3430 7761 1089 8239 528 7325 7585 4345 8711
371 7380 3560 1991 1291 2253 9250 4551 3998 9668 3395
104 1158 7700 3538 338 7031 9590 8426 9315 9137 4805 6978
109 4050 6346 3411 8240 2950 3857 7596 7363 7841 5925 9114
136 2586 6039 9157 4014 5714 1032 2553 2133 7715 3776 132 5748 7874 4352
482 6406 1057 2522 1684 5131 8461 8674 1151 1361 4720 7399
445 2519 9379 4511 1879 8372 3487 6619 3330 2258 6238 6262 7434 9301
201 6560 5749 5220 3217 7213 7013 9522 9534 8045 6619 6377 218 1569 7133
160 9890 2420 6732 911 9209 5388 702 7672 4532 7710 4909
428 9487 2353 111 9217 4873 2124 1361 715 6138 1394 4504 3318 8157 8495
1 3796 6917 1927 7961 7272 1342 1848 4304 949 1267 3016 4857 3827 7285
430 2068 1486 3148 3592 8653 8952 5714 4937 5925 7452 9316
217 2331 5886 6378 3800 736 7612 6091 6997 5507
483 8551 4687 3988 6894 6667 2883 8773 7453 6266 2231 2085 2 79
312 4393 3324 8466 3222 252 8990 4488 629 3342 4467 691 4063 5725 1752
343 811 1224 2959 9231 1832 8083 8981 3182 8558 4060 7949 7240
471 9028 1757 6663 2073 7318 434 1183 1506 4275 7775 4209 9493 4402
148 5086 209 3826 9330 7340 4462 4552 6003 6024 1746 6511 2797 3023 7153
124 9106 5199 3736 3353 6753 8296 6103 8559 9307 5945 5662 4647
400 5597 9861 7893 3486 8720 9089 4684 1563 2784 4128 6226 727 6148 2007 6521
490 231 2677 9542 7356 6919 5211 3053 6066 6055 1002 7922 7055
69 8052 561 9593 4777 9074 6504 294 6987 2355 8365 9008
230 3421 9439 7172 7016 373 573 9823 7680 1898 2264
9 41 6380 4583 9165 9362 8501 8740 9796 9611 7970 7709 3758
131 769 9257 2400 8136 4736 5693 218 3460 1529 7174 1498 1299
220 1447 6523 9528 6120 8342 8416 5350 6434 3403 4575 6241 287 9586 5341
118 2390 5588 8041 9302 757 5897 9942 128 3349 1147 333 771 4698 4804 2611 9301
467 6031 5701 313 532 1190 1015 4097 9771 5112 3509 9453
300 2082 2251 1214 2576 8761 900 7779 2071 3574 3127 8358 8134
184 5119 2625 7045 3367 8885 2170 8247 3322 6089 9440 1633 2321 1117
221 9702 4167 8351 5439 2098 5387 9754 9318 1014 3797 5194
468 2078 8327 3577 1837 4332 3695 7035 9513 6398 7895
237 4683 2157 197 4726 5292 1685 7201 2350 8381 8634 4527
387 7745 1486 9186 7925 4835 2545 3084 6221 8263 72 6448 7120
388 4987 3939 1432 5325 6024 413 3351 6345 4757 1583 7997 6534
369 8203 7850 347 2623 6928 2598 7082 4568 2972 5596 8315 3727 7867 88 2480 7296
222 9433 9500 1340 6957 9857 2464 4495 7585 2982 8889 3306 971 7791 7880
453 7535 8437 268 7958 3307 9635 8440 4316 5529 4802 2542 3798 3586
311 2172 4135 4979 3314 3740 9816 3175 4005 9146 3436 155 8690
178 4247 4007 5744 4961 2727 6831 2785 2342 4580 5157 9273 8267 108
163 9924 2047 2865 9094 6612 7263 7344 2970 961 971 123 4908 9852
284 6818 8132 9826 5454 6460 7789 7033 871 2996 8091 5022 9938 6770 3493 7732
162 2308 5509 5151 8785 322 6936 3702 5210 3951 9765 6134
46 2765 5140 1347 666 4521 236 5478 7232 8824 3942 2856 1125 427
23 2515 7650 4917 8926 6273 976 8973 6290 7187 1141 8723 1071
199 3239 8149 5843 3928 8046 6543 6851 1288 8889 606 5982 8858
