67
0 1502 968 138 155 873 485 2208 482 5974 2291 148 410 121 549 8 27 3264 166 8706 915 1524 243 63 5209 4115 309 164 5402 665 6366 28 896 9731 389 65 1972 9285 107 9 4814 145 152 5460 280 330 211 1242 1587 72 382 1674 1294 637 62 4686 37 249 1332 158 3395 764 7 2126 5374 348 6654 2431 19 74 1303 2684 78 476 14 1704 187 4167 1627 8929 57 7037 4755 325 4704 3863 2142 1673 2837 1098 1546 58 4842 646 2593 890 1450 777 15 267 103 204 140 2114 1805 1386 1251 523 96 21 30 277 110 146 2848 583 355 3071 850 69 236 5526
46 516 4750 1023 6181 1786 196 459 147 5996 746 88 44 486 8177 5 497 9902 183 210 7113 70 436 23 2730 5557 178 11 1498 3233 3381 38 119 238 409 245 55 255 1198 461 383 820 20 45 2123 9511 97 4267 216 619
2 271 1711 171 41 2948 2529 1796 2995 4255 7085 733 1565 22 5786 489 80 855 1340 2446 1091 7100 1463 54 159 5339 79 16 17 1586 83 1731 2 118 5920 8385 1415 151 1286 386 554 1173 900 4142 6656 2076 3248 1679 120
1 8160 90 6 2361 367 60 1280 279 4940 840 1178 5435 814 363 2966 833 122 13 298 1451 3872 448 5745 221 4360 3848 18 52 313 98 87 344 6450
29 9031 2471 203 1202 227 142 304 3618 272 1944 658 2702 1026 5842 358 6080 36 5371 1003 5532 729 24 450 635 392 755 180 3028
4 1290 1263 708 138 155 4023 9824 9886 2713 404 120 4977 69 5860 184 679 2291 8541 2707 671 4817 372 1809 8 1270 681 2823 4551 27 7594 1052 63 229 1413 309 285 28 907 65 1204 9 800 211 342 5443 4021 62 301 102 37 4336 114 880 7 331 3240 19 78 14 604 187 206 1124 5699 6291 375 7774 2450 6486 646 823 117 1884 1027 15 647 339 9521 274 1386 1137 7279 387 21 30 7987 277 4565 370 515 750 147 6259 1961 88 310 44 8208 9485 921 2582 519 5 4750
42 981 5878 1135 8966 660 1008 35 3782 436 23 5430 4114 680 11 716 119 38 504 6524 952 1061 56 55 8906 245 5162 255 92 305 20 45 73 526 1626 931 171 41 422 976 22 2305 4354 162 5362 641 4247 3684 138 583 2955 176 1384 404 120 4799 252
47 2364 7402 9549 54 5428 1076 327 115 16 3221 17 5628 535 83 284 1804 4174 275 2 86 137 95 3911 3907 90 469 6 2999 802 3463 4591 60 218 400 122 13
23 168 156 201 661 2144 4360 18 52 167 144 98 8278 7509 264 713 1403 644 1188 1034 425 170 2277 384 353 6261 1026 397 3859 1086 1488 110
3 3852 42 24 787 225 2681 1142 8755 3566 2829 1123 862 5841 9255 1002 964 340 173 357 2835 318 1963 26 6532 4 32 909 199 2757 679 329 372 1809 69
5 7060 956 2715 2179 48 760 462 29 259 247 4535 320 286 369 51 2949 234 3350 1357 3711 3454 2083 40 9635 110
40 4281 193 8 290 681 27 166 371 139 224 9086 957 609 1727 1667 28 389 4985 65 1324 9 1005 152 268 800 632 3549 524 4609 7408 72 3677 2533 131 62 1222 301 102 37 158 114 7 2500 2922 1692 19 74 332 78 2088 476 501 14 2950 187 2604 703 3890 57 1155 5463 599 424 300 538 8860 726 6926 58 3332 823 513 61 2692 123 4372 82 161 545 157 1048 15 388 3598 140 836 598 4109 5304 1251 1187 429 1611 21 84 30 1869
26 4750 1041 983 4545 196 370 459 88 44 3858 5141 5 2432 449 3002 35 70 23 503 11 119 38 235 238 207 7267 2965 212 461 20 125 73 45 831 3602 97 694 1711 1084 41 3317 976 4697 687 22 80 550
7 361 7345 2364 149 1319 7549 2590 159 417 1414 115 16 79 17 373 3170 83 284 651 86 2 137 1253 151 2167 4060 643 6 802 1099 60 866 270 402 2986 1392 9 878 1093
59 628 13 427 1390 860 298 401 221 1516 18 2144 499 6407 52 264 87 2447 291 227 3941 555 106 773 2882 272 1660 918 602 263 358 184 356 121 329 6141 8789 372 751 8
6 473 36 3360 544 4105 42 24 2842 258 4779 3085 7867 296 104 318 1902 779 26 129 4 32 2838 1503 498 699 163 310
22 2460 2514 81 259 1996 2466 698 286 1282 8940 2209 51 234 134 1774 40 3275 8749 334 1219 294 12 1050 350
37 620 1775 31 6790 419 4056 6424 5571 269 600 50 453 1363 85 7964 205 399 111 2064 689 71 5638
33 76 2628 505 2414 9948 1356 4411 251 323 2010 761 25 177 302 130 0 150 6229 101 7756 77 621 155 1583 468 120
12 3 874 47 100 4471 1199 226 354 456 49 3632 133 5074 75 4330 67 2379 4602 338 2737
45 1453 736 209 911 794 34 559 68 4420 932 1 10 4237 1302 33 153 5560 328 1988 750
68 1848 502 7808 1642 6252 220 1700 920 540 718 43 591 437 347 2199 116 59 6961 515
70 93 260 1424 39 514 3076 165 217 433 988 241 2660 94 3593 169 124 801
77 5659 4364 5621 197 442 148 121 549 2504 8528 329 193 8 27 3591 1408 253 166 4728 371 1756 426 1751 63 139 229 9039 164 309 2265 665 979 28 2492 9 4962 145 152 2214 268 4525 625 1287 8183 330 382 1575 5277 6265 2533 1174 62 131 542 495 37 7 487 638 19 74 78 1221 476 14 1933 7013 57 3131 611 4040 206 9608 2915 2142 300 8267 5038 910 2649 4776 6166 117 890 123 82 4606 8048 511 15 388 393 614 715 7220 103 204 140 274 812 112 7791 21 96 1478 30 110 1547
15 3537 44 3858 1530 3034 5 1017 333 497 396 1262 6155 35 3764 3882 436 23 680 11 716 289 1210 38 5993 207 1172 55 245 255 3359 92 305 461 20 125 5885 73 45 6867 5397 1322 391 216 41 1304 3364 3317
56 4255 22 687 1872 855 162 722 997 54 1964 5089 16 79 115 17 83 275 2 137 118 1415 3681 1267 597 2569 672 189 1477 386 414 2531 767 6 1765 367 60 218
24 219 1443 122 3575 13 427 9161 2615 168 156 1516 18 313 167 52 5737 713 87 1396 5024 2622 2570 142 304 170 3959 3353 512 384 773 822
75 3568 7017 263 2868 2222 358 464 923 3643 2732 1763 42 3374 24 7038 232 376 7204 2297 5538 3523 2964 160 864 3207 4546 364
39 477 3735 5527 9043 2892 7867 324 318 1579 3212 53 26 3013 4 32 2727 349 5676 230 163 863 1811 8683 48 786
10 81 29 955 247 1407 51 2954 4640 1058 541 190 134 40 652 334 12 5744 551 312 620 1449 31 466 390
9 419 493 3794 5781 9952 1810 205 2884 1493 790 262 71 360 181 76 66 1490 194 251 208 8344 1118 751 1809 8 494
81 25 46 0 297 1647 306 368 1402 77 3 192 47 186 2384 883 100 226 714 1576 133 146
8 49 75 141 67 91 128 352 64 1650 108 892 3030 109 2970 2344 1747 209 394 794 63 2825 1065 164 28 389
93 34 6716 322 68 912 4353 1 629 4555 283 10 33 1672 1681 491 581 295 127 1334 621 4841 3453 5499 873 1089 2371 468 303 126 120 1656 355 7674 1714 69
50 2567 200 43 6521 437 116 59 5619 93 1007 5784 4248 366 2817 99 39 217
14 433 381 6587 527 6538 94 169 588 1213 2831 12 6190 2295 1337 31 706 143 4056 2629 4157 552 1344 65 8334
30 708 138 9559 1384 404 3046 355 948 6577 69 1387 148 4594 3410 3398 410 2433 6979 121 5721 1131 8 27 166 253 1524 243 224 1799 28 65 1132 107 1324 9 152 3759 3549 280 330 6087 4188 72 495 62 935 135 102 37 1095 8965 3839 114 764 7 3527 2240 19 74 1750 2063 476 501 14 2604 2322 9512 5850 3642 325 1119 789 5845 3162 198 5038 7226 58 1600 735 749 707 5029 61 890 1450 9275 7336 82 1215 1884 6431 929 15 267 1300 103 7796 825 523 240 717 1351 21 84 30 3126 2859 277
16 2171 531 196 1607 710 750 9206 1104 9868 1690 3986 231 6726 44 310 486 966 1628 5 2661 1678 3074 6462 6786 35 455 70 9248 23 11 1144 119 38 235 409 2181 1442 56 55 2784 421 212 1803 3203 261 20 73 45 1743 3097 1737 968 1482 4347 155 176 2513 2713 5862 1089 303 126 919
13 97 391 1347 1942 216 1126 41 5181 2049 22 1872 1861 763 162 54 1841 233 1076 5945 2595 79 16 115 17 535 83 2 137 86 282 6110 1190 195 670 597 5817 1542 1806
80 2279 6 6759 6063 60 4218 219 1046 270 2914 2041 122 13 6830 168 298 201 608 4769 18 52 313 98 264 87 415 700 185 7922 142 106 304
21 3238 1115 257 6411 397 36 464 475 5934 923 1125 3402 42 24 154 258 376 7961 6158 4973 180 1616 173 1064 104 1164 53
79 1108 26 4 4352 2119 32 3519 349 546 2225 48 1072 29 51 5216 134 1553 40 2968 730 1230 2815 334 3754
48 179 379 50 9582 934 603 1247 111 790 428 854 71 76 66 254 188 5916 3200 4245 25 46
32 130 0 1694 4112 2193 101 673 5125 77 89 3 721 192 47 186 226 2089 49 133 2286
64 290 27 316 243 63 224 229 6266 957 309 285 2026 28 815 65 727 107 9 1980 484 268 3759 625 2258 432 280 72 1330 62 443 542 131 135 37 249 158 4116 114 659 7 1783 2785 19 451 74 1428 476 14 501 2950 57 325 611 4040 2419 1661 4268 594 424 8787 561 8672 2348 300 375 4689 2654 3532 496 58 646 2442 2249 513 3486 3951 123 82 1508 3251 161 777 15 175 536 140 836 3143 7114 1854 717 4176 21 96 30 632 7223
19 110 4094 365 9097 343 5497 44 1096 500 1628 228 5 1229 5884 497 6582 2451 444 183 35 23 5950 11 178 534 289 520 5805 38 4974 245 56 55 92 461 3290 4616 20 125 697 45 2123 7083 97 171 6725 3411 8206
44 627 8688 22 6274 80 5966 162 641 1860 149 54 233 159 903 16 79 17 83 86 2 5819 118 1253 282 668 446 1136 151 4624 1267 95 189 90 6 560 367 60
63 9231 590 757 270 1046 2682 738 427 13 168 7339 298 2843 3263 18 52 98 5310 2315 457 415 4282 291 185 1034 307 341 898 4037 3765 353
65 918 257 423 658 567 358 36 475 4992 1033 42 24 5196 225 7512 232 2865 258 351 376 447 3628 2743 3421 1605 2464 1338
43 180 364 340 104 53 26 1335 4 32 349 163 2271 48 462 3886 1072 29 1314 1035 51 1749 2782 134 40 69 2148 1554 199 236 184 914 356 148 410 5843 1643 3158 1510
11 7650 1517 2004 458 1039 12 551 350 474 31 419 223 2324 1265 9186 50 4398 214 8205 2283 1185 111 110 132
52 7841 1635 314 1383 3169 66 76 1264 490 194 188 208 471 1238 25 1051 177 0 150 465 246 27 4497 2905
54 330 211 2325 72 1575 1312 62 1159 542 301 1350 37 6403 249 2372 114 2740 7 348 19 4618 74 451 5515 841 1593 7558 8184 476 14 7569 703 325 1601 594 198 300 496 7774 58 2450 1272 749 117 61 890 616 123 7993 545 3692 388 2901 15 2920 103 204 175 598 1078 274 3242 1251 3561 1351 96 21 84 30 110 146 390 2381 5728 515 454 147 3825
84 88 44 403 398 486 3550 745 228 5 3426 981 3193 4581 6227 830 933 35 70 23 2730 503 7384 11 321 2084 178 335 4569 119 38 4828 235 7245 3016 207 1172 55 56 255 1445 3359 461 1260 383 20 125 45 831
34 97 41 2300 577 2633 4912 887 22 2305 162 149 54 6056 233 417 79 16 17 3170 83 275 651 2 86 118 151 195 2501 95 189 6041 386 90 6 1765 60 4448 126 9543 1917 252 2112 199 184 914 148 410
20 554 6656 176 1951 1583 9933 126 120 482 4953 252 8751 69 5091 1387 199 197 356 1365 2274 751 193 8 494 27 4881 2521 316 2612 63 229 961 5754 164 1413 309 979 28 4172 727 65 3053 107 3142 6539 9 2196 432 280 3639 131 301 102 37 158 114 1989 659 7 1783 2849 395 19 74 596 78 2845 7437 501 14 187 574 4040 1601 973 1019 3532 58 1600 1669 749 117 2824 61 9207 1528 82 157 4724 511 614 647 15 393 204 140 2020 387 112 1187 240 523 1877 717 8931 2971 21 96 6946 30 110
57 146 132 1023 531 983 196 8110 634 6833 88 3537 403 44 1912 377 5545 385 563 5 1464 183 35 455 23 4114 11 178 9722 335 2862 289 8108 119 38 409 2360 978 7267 55 421 20 1301 2674 45 73 4705 41 8523 733
27 121 2274 372 1610 8 27 253 316 63 224 164 28 5350 6097 65 1447 2385 107 9 3309 2296 2735 145 4514 595 8938 268 3759 625 432 342 2973 62 443 131 992 102 135 37 612 1332 114 659 7 3502 19 5667 1303 78 4597 841 1428 843 14 5484 4104 187 7390 424 198 2048 1401 4429 517 7774 2967 4125 1274 58 707 117 4801 61 2733 82 4473 15 715 103 175 2427 825 274 8365 9246 8241 112 9118 9837 1298 96 21 30 84 110 132
72 196 2166 1979 1665 88 44 377 288 1754 5 1480 183 35 70 9360 2812 23 8875 3149 4797 11 1210 38 8699 1648 1172 55 56 461 383 20 5914 125 73 45 256 97 2330 3943 1084 41 1596 885 4255 4491 687 2859
36 22 80 1608 8427 149 54 756 159 79 16 17 83 275 137 2 1170 195 1038 6 1825 537 367 1623 2647 60 1182 279 2937 578 1087 2746 13 2356 6450 1079
31 201 18 167 1615 52 313 98 144 264 7614 2493 1188 2471 203 1622 1202 227 8740 142 868 1036 807 170 3618 2277 4612 822 654 888 602
76 989 1026 36 475 42 24 154 232 258 250 509 160 3895 364 191 340 324 2516 1983 848 1963 53 26 1977 7369 6991
35 4 32 5109 2230 163 610 4659 81 4930 29 247 4325 431 3178 51 4723 234 6027 134 40 136 12 533 506
53 138 1495 1958 176 1384 5150 4977 7712 126 1434 252 69 1876 236 356 679 2433 121 6035 7862 899 1510 6126 193 8 1408 6092 27 166 371 243 653 63 139 1183 8309 309 1894 65 2261 9 800 1420 299 5727 342 72 2313 5205 62 495 135 301 1571 3358 37 1721 158 114 3395 7 962 1296 19 74 3032 332 1428 8184 14 1704 187 9613 57 4040 2775 3231 6655 206 1019 1483 805 778 1128 496 5038 408 117 7986 890 1313 61 82 1215 161 9017 157 803 15 388 103 1967 140 1732 785 3038 112 1436 240 1478 21 84 30
99 138 3110 1334 155 3057 303 686 7234 69 199 2478 549 8270 8 193 1437 27 166 316 1756 9447 63 139 609 4258 3206 28 65 107 9 145 1153 299 637 495 1327 62 135 102 37 249 747 158 7 829 4118 1550 19 2292 332 1541 1725 4089 4589 14 4518 187 4400 57 611 599 510 3863 5225 198 726 2918 1274 1702 117 61 3109 123 82 8044 161 15 715 3304 267 103 175 2163 785 3878 96 21 30 84 277 739 1023 390 4545 459 5700 3392 626 4311 310
55 88 44 1399 5160 8176 5 2358 7363 444 933 35 70 1277 23 11 178 38 1966 119 235 409 1648 207 970 56 245 255 6798 261 20 125 45 73 3246 809 3521 3391 97 2191 41 1688 3364 22 80 1608 149
86 997 54 756 3723 1076 6037 5063 5863 115 16 17 275 86 1209 3001 2 118 2337 195 2301 3597 6425 4435 1038 95 189 4494 593 90 3161 172 6 537 3832 374 3737
